=== 股票数据同步开始 ===
开始时间: 2025-09-11 14:46:45.056916
正在连接远程MySQL数据库: 115.190.80.219
远程MySQL数据库连接成功！
远程数据库表结构:
  id: int
  code: varchar(16)
  name: varchar(64)
  listing_date: varchar(10)
  industry: varchar(128)
  industry_change_percent: float
  last_updated: datetime
从远程数据库获取到 5746 条股票数据
检查并创建数据库: django_stock @ 115.190.80.219:3306
数据库 django_stock 已存在或创建成功
开始执行数据库迁移...
Operations to perform:
  Apply all migrations: admin, ai_records, analysis, auth, contenttypes, django_celery_beat, django_celery_results, market, sessions, stocks, system, tasks
Running migrations:
  No migrations to apply.
数据库迁移完成
已清空本地StockBasicInfo表，删除 172 条记录
新增股票: 000001 - 平安银行
新增股票: 000002 - 万  科Ａ
新增股票: 000003 - PT金田A
新增股票: 000004 - *ST国华
新增股票: 000005 - ST星源
新增股票: 000006 - 深振业Ａ
新增股票: 000007 - 全新好
新增股票: 000008 - 神州高铁
新增股票: 000009 - 中国宝安
新增股票: 000010 - 美丽生态
新增股票: 000011 - 深物业A
新增股票: 000012 - 南  玻Ａ
新增股票: 000013 - *ST石化A
新增股票: 000014 - 沙河股份
新增股票: 000015 - PT中浩A
新增股票: 000016 - 深康佳Ａ
新增股票: 000017 - 深中华A
新增股票: 000018 - 神城A退
新增股票: 000019 - 深粮控股
新增股票: 000020 - 深华发Ａ
新增股票: 000021 - 深科技
新增股票: 000023 - *ST深天
新增股票: 000024 - 招商地产
新增股票: 000025 - 特  力Ａ
新增股票: 000026 - 飞亚达
新增股票: 000027 - 深圳能源
新增股票: 000028 - 国药一致
新增股票: 000029 - 深深房Ａ
新增股票: 000030 - 富奥股份
新增股票: 000031 - 大悦城
新增股票: 000032 - 深桑达Ａ
新增股票: 000033 - 新都退
新增股票: 000034 - 神州数码
新增股票: 000035 - 中国天楹
新增股票: 000036 - 华联控股
新增股票: 000037 - 深南电A
新增股票: 000038 - 大通退
新增股票: 000039 - 中集集团
新增股票: 000040 - *ST旭蓝
新增股票: 000042 - 中洲控股
新增股票: 000045 - 深纺织Ａ
新增股票: 000046 - *ST泛海
新增股票: 000047 - ST中侨
新增股票: 000048 - 京基智农
新增股票: 000049 - 德赛电池
新增股票: 000050 - 深天马Ａ
新增股票: 000055 - 方大集团
新增股票: 000056 - 皇庭国际
新增股票: 000058 - 深 赛 格
新增股票: 000059 - 华锦股份
新增股票: 000060 - 中金岭南
新增股票: 000061 - 农 产 品
新增股票: 000062 - 深圳华强
新增股票: 000063 - 中兴通讯
新增股票: 000065 - 北方国际
新增股票: 000066 - 中国长城
新增股票: 000068 - 华控赛格
新增股票: 000069 - 华侨城Ａ
新增股票: 000070 - 特发信息
新增股票: 000078 - 海王生物
新增股票: 000088 - 盐 田 港
新增股票: 000089 - 深圳机场
新增股票: 000090 - 天健集团
新增股票: 000096 - 广聚能源
新增股票: 000099 - 中信海直
新增股票: 000100 - TCL科技
新增股票: 000150 - *ST宜康
新增股票: 000151 - 中成股份
新增股票: 000153 - 丰原药业
新增股票: 000155 - 川能动力
新增股票: 000156 - 华数传媒
新增股票: 000157 - 中联重科
新增股票: 000158 - 常山北明
新增股票: 000159 - 国际实业
新增股票: 000166 - 申万宏源
新增股票: 000301 - 东方盛虹
新增股票: 000333 - 美的集团
新增股票: 000338 - 潍柴动力
新增股票: 000400 - 许继电气
新增股票: 000401 - 金隅冀东
新增股票: 000402 - 金 融 街
新增股票: 000403 - 派林生物
新增股票: 000404 - 长虹华意
新增股票: 000405 - ST鑫光
新增股票: 000406 - 石油大明
新增股票: 000407 - 胜利股份
新增股票: 000408 - 藏格矿业
新增股票: 000409 - 云鼎科技
新增股票: 000410 - 沈阳机床
新增股票: 000411 - 英特集团
新增股票: 000412 - ST五环
新增股票: 000413 - ST旭电
新增股票: 000415 - 渤海租赁
新增股票: 000416 - *ST民控
新增股票: 000417 - 合百集团
新增股票: 000418 - 小天鹅A
新增股票: 000419 - 通程控股
新增股票: 000420 - 吉林化纤
新增股票: 000421 - 南京公用
新增股票: 000422 - 湖北宜化
新增股票: 000423 - 东阿阿胶
新增股票: 000425 - 徐工机械
新增股票: 000426 - 兴业银锡
新增股票: 000428 - 华天酒店
新增股票: 000429 - 粤高速Ａ
新增股票: 000430 - ST张家界
新增股票: 000488 - ST晨鸣
新增股票: 000498 - 山东路桥
新增股票: 000501 - 武商集团
新增股票: 000502 - 绿景退
新增股票: 000503 - 国新健康
新增股票: 000504 - *ST生物
新增股票: 000505 - 京粮控股
新增股票: 000506 - 招金黄金
新增股票: 000507 - 珠海港
新增股票: 000508 - 琼民源A
新增股票: 000509 - 华塑控股
新增股票: 000510 - 新金路
新增股票: 000511 - 烯碳退
新增股票: 000513 - 丽珠集团
新增股票: 000514 - 渝 开 发
新增股票: 000515 - 攀渝钛业
新增股票: 000516 - 国际医学
新增股票: 000517 - 荣安地产
新增股票: 000518 - *ST四环
新增股票: 000519 - 中兵红箭
新增股票: 000520 - 凤凰航运
新增股票: 000521 - 长虹美菱
新增股票: 000522 - 白云山A
新增股票: 000523 - 红棉股份
新增股票: 000524 - 岭南控股
新增股票: 000525 - 红太阳
新增股票: 000526 - 学大教育
新增股票: 000527 - 美的电器
新增股票: 000528 - 柳    工
新增股票: 000529 - 广弘控股
新增股票: 000530 - 冰山冷热
新增股票: 000531 - 穗恒运Ａ
新增股票: 000532 - 华金资本
新增股票: 000533 - 顺钠股份
新增股票: 000534 - 万泽股份
新增股票: 000535 - *ST猴王
新增股票: 000536 - 华映科技
新增股票: 000537 - 中绿电
新增股票: 000538 - 云南白药
新增股票: 000539 - 粤电力Ａ
新增股票: 000540 - *ST中天
新增股票: 000541 - 佛山照明
新增股票: 000542 - TCL通讯
新增股票: 000543 - 皖能电力
新增股票: 000544 - 中原环保
新增股票: 000545 - 金浦钛业
新增股票: 000546 - 金圆股份
新增股票: 000547 - 航天发展
新增股票: 000548 - 湖南投资
新增股票: 000549 - S湘火炬
新增股票: 000550 - 江铃汽车
新增股票: 000551 - 创元科技
新增股票: 000552 - 甘肃能化
新增股票: 000553 - 安道麦A
新增股票: 000554 - 泰山石油
新增股票: 000555 - 神州信息
新增股票: 000556 - PT南洋
新增股票: 000557 - 西部创业
新增股票: 000558 - 天府文旅
新增股票: 000559 - 万向钱潮
新增股票: 000560 - 我爱我家
新增股票: 000561 - 烽火电子
新增股票: 000562 - 宏源证券
新增股票: 000563 - 陕国投Ａ
新增股票: 000564 - 供销大集
新增股票: 000565 - 渝三峡Ａ
新增股票: 000566 - 海南海药
新增股票: 000567 - 海德股份
新增股票: 000568 - 泸州老窖
新增股票: 000569 - 长城股份
新增股票: 000570 - 苏常柴Ａ
新增股票: 000571 - 新大洲A
新增股票: 000572 - 海马汽车
新增股票: 000573 - 粤宏远Ａ
新增股票: 000576 - 甘化科工
新增股票: 000578 - 盐湖集团
新增股票: 000581 - 威孚高科
新增股票: 000582 - 北部湾港
新增股票: 000583 - S*ST托普
新增股票: 000584 - 工智退
新增股票: 000585 - 东电退
新增股票: 000586 - 汇源通信
新增股票: 000587 - *ST金洲
新增股票: 000588 - PT粤金曼
新增股票: 000589 - 贵州轮胎
新增股票: 000590 - 启迪药业
新增股票: 000591 - 太阳能
新增股票: 000592 - 平潭发展
新增股票: 000593 - 德龙汇能
新增股票: 000594 - 国恒退
新增股票: 000595 - *ST宝实
新增股票: 000596 - 古井贡酒
新增股票: 000597 - 东北制药
新增股票: 000598 - 兴蓉环境
新增股票: 000599 - 青岛双星
新增股票: 000600 - 建投能源
新增股票: 000601 - 韶能股份
新增股票: 000602 - 金马集团
新增股票: 000603 - 盛达资源
新增股票: 000605 - 渤海股份
新增股票: 000606 - 顺利退
新增股票: 000607 - 华媒控股
新增股票: 000608 - *ST阳光
新增股票: 000609 - ST中迪
新增股票: 000610 - 西安旅游
新增股票: 000611 - 天首退
新增股票: 000612 - 焦作万方
新增股票: 000613 - 东海A退
新增股票: 000615 - *ST美谷
新增股票: 000616 - *ST海投
新增股票: 000617 - 中油资本
新增股票: 000618 - 吉林化工
新增股票: 000619 - 海螺新材
新增股票: 000620 - 盈新发展
新增股票: 000621 - *ST比特
新增股票: 000622 - 恒立退
新增股票: 000623 - 吉林敖东
新增股票: 000625 - 长安汽车
新增股票: 000626 - 远大控股
新增股票: 000627 - *ST天茂
新增股票: 000628 - 高新发展
新增股票: 000629 - 钒钛股份
新增股票: 000630 - 铜陵有色
新增股票: 000631 - 顺发恒能
新增股票: 000632 - 三木集团
新增股票: 000633 - 合金投资
新增股票: 000635 - 英 力 特
新增股票: 000636 - 风华高科
新增股票: 000637 - 茂化实华
新增股票: 000638 - *ST万方
新增股票: 000639 - 西王食品
新增股票: 000650 - 仁和药业
新增股票: 000651 - 格力电器
新增股票: 000652 - 泰达股份
新增股票: 000653 - ST九州
新增股票: 000655 - 金岭矿业
新增股票: 000656 - *ST金科
新增股票: 000657 - 中钨高新
新增股票: 000658 - ST海洋
新增股票: 000659 - 珠海中富
新增股票: 000660 - *ST南华
新增股票: 000661 - 长春高新
新增股票: 000662 - 天夏退
新增股票: 000663 - 永安林业
新增股票: 000665 - 湖北广电
新增股票: 000666 - 经纬纺机
新增股票: 000667 - ST美置
新增股票: 000668 - *ST荣控
新增股票: 000669 - ST金鸿
新增股票: 000670 - 盈方微
新增股票: 000671 - ST阳光城
新增股票: 000672 - 上峰水泥
新增股票: 000673 - 当代退
新增股票: 000675 - ST银山
新增股票: 000676 - 智度股份
新增股票: 000677 - 恒天海龙
新增股票: 000678 - 襄阳轴承
新增股票: 000679 - 大连友谊
新增股票: 000680 - 山推股份
新增股票: 000681 - 视觉中国
新增股票: 000682 - 东方电子
新增股票: 000683 - 博源化工
新增股票: 000685 - 中山公用
新增股票: 000686 - 东北证券
新增股票: 000687 - 华讯退
新增股票: 000688 - 国城矿业
新增股票: 000689 - ST宏业
新增股票: 000690 - 宝新能源
新增股票: 000691 - *ST亚太
新增股票: 000692 - 惠天热电
新增股票: 000693 - 华泽退
新增股票: 000695 - 滨海能源
新增股票: 000697 - ST炼石
新增股票: 000698 - 沈阳化工
新增股票: 000699 - S*ST佳纸
新增股票: 000700 - 模塑科技
新增股票: 000701 - 厦门信达
新增股票: 000702 - 正虹科技
新增股票: 000703 - 恒逸石化
新增股票: 000705 - 浙江震元
新增股票: 000707 - 双环科技
新增股票: 000708 - 中信特钢
新增股票: 000709 - 河钢股份
新增股票: 000710 - 贝瑞基因
新增股票: 000711 - *ST京蓝
新增股票: 000712 - 锦龙股份
新增股票: 000713 - 国投丰乐
新增股票: 000715 - 中兴商业
新增股票: 000716 - 黑芝麻
新增股票: 000717 - 中南股份
新增股票: 000718 - 苏宁环球
新增股票: 000719 - 中原传媒
新增股票: 000720 - 新能泰山
新增股票: 000721 - 西安饮食
新增股票: 000722 - 湖南发展
新增股票: 000723 - 美锦能源
新增股票: 000725 - 京东方Ａ
新增股票: 000726 - 鲁  泰Ａ
新增股票: 000727 - 冠捷科技
新增股票: 000728 - 国元证券
新增股票: 000729 - 燕京啤酒
新增股票: 000730 - *ST环保
新增股票: 000731 - 四川美丰
新增股票: 000732 - ST泰禾
新增股票: 000733 - 振华科技
新增股票: 000735 - 罗 牛 山
新增股票: 000736 - *ST中地
新增股票: 000737 - 北方铜业
新增股票: 000738 - 航发控制
新增股票: 000739 - 普洛药业
新增股票: 000748 - 长城信息
新增股票: 000750 - 国海证券
新增股票: 000751 - 锌业股份
新增股票: 000752 - ST西发
新增股票: 000753 - 漳州发展
新增股票: 000755 - 山西高速
新增股票: 000756 - 新华制药
新增股票: 000757 - 浩物股份
新增股票: 000758 - 中色股份
新增股票: 000759 - 中百集团
新增股票: 000760 - 斯太退
新增股票: 000761 - 本钢板材
新增股票: 000762 - 西藏矿业
新增股票: 000763 - 锦州石化
新增股票: 000765 - *ST华信
新增股票: 000766 - 通化金马
新增股票: 000767 - 晋控电力
新增股票: 000768 - 中航西飞
新增股票: 000769 - *ST大菲
新增股票: 000776 - 广发证券
新增股票: 000777 - 中核科技
新增股票: 000778 - 新兴铸管
新增股票: 000779 - 甘咨询
新增股票: 000780 - ST平能
新增股票: 000782 - 恒申新材
新增股票: 000783 - 长江证券
新增股票: 000785 - 居然智家
新增股票: 000786 - 北新建材
新增股票: 000787 - *ST创智
新增股票: 000788 - 北大医药
新增股票: 000789 - 万年青
新增股票: 000790 - 华神科技
新增股票: 000791 - 甘肃能源
新增股票: 000792 - 盐湖股份
新增股票: 000793 - ST华闻
新增股票: 000795 - 英洛华
新增股票: 000796 - 凯撒旅业
新增股票: 000797 - 中国武夷
新增股票: 000798 - 中水渔业
新增股票: 000799 - 酒鬼酒
新增股票: 000800 - 一汽解放
新增股票: 000801 - 四川九洲
新增股票: 000802 - 北京文化
新增股票: 000803 - 山高环能
新增股票: 000805 - *ST炎黄
新增股票: 000806 - 银河退
新增股票: 000807 - 云铝股份
新增股票: 000809 - 和展能源
新增股票: 000810 - 创维数字
新增股票: 000811 - 冰轮环境
新增股票: 000812 - 陕西金叶
新增股票: 000813 - 德展健康
新增股票: 000815 - 美利云
新增股票: 000816 - 智慧农业
新增股票: 000817 - 辽河油田
新增股票: 000818 - 航锦科技
新增股票: 000819 - 岳阳兴长
新增股票: 000820 - *ST节能
新增股票: 000821 - 京山轻机
新增股票: 000822 - 山东海化
新增股票: 000823 - 超声电子
新增股票: 000825 - 太钢不锈
新增股票: 000826 - 启迪环境
新增股票: 000827 - *ST长兴
新增股票: 000828 - 东莞控股
新增股票: 000829 - 天音控股
新增股票: 000830 - 鲁西化工
新增股票: 000831 - 中国稀土
新增股票: 000832 - *ST龙涤
新增股票: 000833 - 粤桂股份
新增股票: 000835 - 长动退
新增股票: 000836 - ST富通
新增股票: 000837 - 秦川机床
新增股票: 000838 - 财信发展
新增股票: 000839 - 国安股份
新增股票: 000848 - 承德露露
新增股票: 000850 - 华茂股份
新增股票: 000851 - *ST高鸿
新增股票: 000852 - 石化机械
新增股票: 000856 - 冀东装备
新增股票: 000858 - 五 粮 液
新增股票: 000859 - 国风新材
新增股票: 000860 - 顺鑫农业
新增股票: 000861 - 海印股份
新增股票: 000862 - 银星能源
新增股票: 000863 - 三湘印象
新增股票: 000866 - 扬子石化
新增股票: 000868 - 安凯客车
新增股票: 000869 - 张  裕Ａ
新增股票: 000875 - 吉电股份
新增股票: 000876 - 新 希 望
新增股票: 000877 - 天山股份
新增股票: 000878 - 云南铜业
新增股票: 000880 - 潍柴重机
新增股票: 000881 - 中广核技
新增股票: 000882 - 华联股份
新增股票: 000883 - 湖北能源
新增股票: 000885 - 城发环境
新增股票: 000886 - 海南高速
新增股票: 000887 - 中鼎股份
新增股票: 000888 - 峨眉山Ａ
新增股票: 000889 - 中嘉博创
新增股票: 000890 - 法尔胜
新增股票: 000892 - 欢瑞世纪
新增股票: 000893 - 亚钾国际
新增股票: 000895 - 双汇发展
新增股票: 000897 - 津滨发展
新增股票: 000898 - 鞍钢股份
新增股票: 000899 - 赣能股份
新增股票: 000900 - 现代投资
新增股票: 000901 - 航天科技
新增股票: 000902 - 新洋丰
新增股票: 000903 - ST云动
新增股票: 000905 - 厦门港务
新增股票: 000906 - 浙商中拓
新增股票: 000908 - ST景峰
新增股票: 000909 - ST数源
新增股票: 000910 - 大亚圣象
新增股票: 000911 - 广农糖业
新增股票: 000912 - 泸天化
新增股票: 000913 - 钱江摩托
新增股票: 000915 - 华特达因
新增股票: 000916 - 华北高速
新增股票: 000917 - 电广传媒
新增股票: 000918 - *ST嘉凯
新增股票: 000919 - 金陵药业
新增股票: 000920 - 沃顿科技
新增股票: 000921 - 海信家电
新增股票: 000922 - 佳电股份
新增股票: 000923 - 河钢资源
新增股票: 000925 - 众合科技
新增股票: 000926 - 福星股份
新增股票: 000927 - 中国铁物
新增股票: 000928 - 中钢国际
新增股票: 000929 - *ST兰黄
新增股票: 000930 - 中粮科技
新增股票: 000931 - 中 关 村
新增股票: 000932 - 华菱钢铁
新增股票: 000933 - 神火股份
新增股票: 000935 - 四川双马
新增股票: 000936 - 华西股份
新增股票: 000937 - 冀中能源
新增股票: 000938 - 紫光股份
新增股票: 000939 - 凯迪退
新增股票: 000948 - 南天信息
新增股票: 000949 - 新乡化纤
新增股票: 000950 - 重药控股
新增股票: 000951 - 中国重汽
新增股票: 000952 - 广济药业
新增股票: 000953 - 河化股份
新增股票: 000955 - 欣龙控股
新增股票: 000956 - 中原油气
新增股票: 000957 - 中通客车
新增股票: 000958 - 电投产融
新增股票: 000959 - 首钢股份
新增股票: 000960 - 锡业股份
新增股票: 000961 - ST中南
新增股票: 000962 - 东方钽业
新增股票: 000963 - 华东医药
新增股票: 000965 - 天保基建
新增股票: 000966 - 长源电力
新增股票: 000967 - 盈峰环境
新增股票: 000968 - 蓝焰控股
新增股票: 000969 - 安泰科技
新增股票: 000970 - 中科三环
新增股票: 000971 - *ST高升
新增股票: 000972 - *ST中基
新增股票: 000973 - 佛塑科技
新增股票: 000975 - 山金国际
新增股票: 000976 - *ST华铁
新增股票: 000977 - 浪潮信息
新增股票: 000978 - 桂林旅游
新增股票: 000979 - 中弘退
新增股票: 000980 - 众泰汽车
新增股票: 000981 - 山子高科
新增股票: 000982 - 中银绒业
新增股票: 000983 - 山西焦煤
新增股票: 000985 - 大庆华科
新增股票: 000987 - 越秀资本
新增股票: 000988 - 华工科技
新增股票: 000989 - 九芝堂
新增股票: 000990 - 诚志股份
新增股票: 000993 - 闽东电力
新增股票: 000995 - 皇台酒业
新增股票: 000996 - 中期退
新增股票: 000997 - 新 大 陆
新增股票: 000998 - 隆平高科
新增股票: 000999 - 华润三九
新增股票: 001201 - 东瑞股份
新增股票: 001202 - 炬申股份
新增股票: 001203 - 大中矿业
新增股票: 001205 - 盛航股份
新增股票: 001206 - 依依股份
新增股票: 001207 - 联科科技
新增股票: 001208 - 华菱线缆
新增股票: 001209 - 洪兴股份
新增股票: 001210 - 金房能源
新增股票: 001211 - 双枪科技
新增股票: 001212 - 中旗新材
新增股票: 001213 - 中铁特货
新增股票: 001215 - 千味央厨
新增股票: 001216 - 华瓷股份
新增股票: 001217 - 华尔泰
新增股票: 001218 - 丽臣实业
新增股票: 001219 - 青岛食品
新增股票: 001221 - 悍高集团
新增股票: 001222 - 源飞宠物
新增股票: 001223 - 欧克科技
新增股票: 001225 - 和泰机电
新增股票: 001226 - 拓山重工
新增股票: 001227 - 兰州银行
新增股票: 001228 - 永泰运
新增股票: 001229 - 魅视科技
新增股票: 001230 - 劲旅环境
新增股票: 001231 - 农心科技
新增股票: 001234 - 泰慕士
新增股票: 001236 - 弘业期货
新增股票: 001238 - 浙江正特
新增股票: 001239 - 永达股份
新增股票: 001255 - 博菲电气
新增股票: 001256 - 炜冈科技
新增股票: 001258 - 立新能源
新增股票: 001259 - 利仁科技
新增股票: 001260 - 坤泰股份
新增股票: 001266 - 宏英智能
新增股票: 001267 - 汇绿生态
新增股票: 001268 - 联合精密
新增股票: 001269 - 欧晶科技
新增股票: 001270 - *ST铖昌
新增股票: 001277 - 速达股份
新增股票: 001278 - 一彬科技
新增股票: 001279 - 强邦新材
新增股票: 001282 - 三联锻造
新增股票: 001283 - 豪鹏科技
新增股票: 001286 - 陕西能源
新增股票: 001287 - 中电港
新增股票: 001288 - 运机集团
新增股票: 001289 - 龙源电力
新增股票: 001296 - 长江材料
新增股票: 001298 - 好上好
新增股票: 001299 - 美能能源
新增股票: 001300 - 三柏硕
新增股票: 001301 - 尚太科技
新增股票: 001306 - 夏厦精密
新增股票: 001308 - 康冠科技
新增股票: 001309 - 德明利
新增股票: 001311 - 多利科技
新增股票: 001313 - 粤海饲料
新增股票: 001314 - 亿道信息
新增股票: 001316 - 润贝航科
新增股票: 001317 - 三羊马
新增股票: 001318 - 阳光乳业
新增股票: 001319 - 铭科精技
新增股票: 001322 - 箭牌家居
新增股票: 001323 - 慕思股份
新增股票: 001324 - 长青科技
新增股票: 001326 - 联域股份
新增股票: 001328 - 登康口腔
新增股票: 001330 - 博纳影业
新增股票: 001331 - 胜通能源
新增股票: 001332 - 锡装股份
新增股票: 001333 - 光华股份
新增股票: 001335 - 信凯科技
新增股票: 001336 - 楚环科技
新增股票: 001337 - 四川黄金
新增股票: 001338 - 永顺泰
新增股票: 001339 - 智微智能
新增股票: 001356 - 富岭股份
新增股票: 001358 - 兴欣新材
新增股票: 001359 - 平安电工
新增股票: 001360 - 南矿集团
新增股票: 001366 - 播恩集团
新增股票: 001367 - 海森药业
新增股票: 001368 - 通达创智
新增股票: 001373 - 翔腾新材
新增股票: 001376 - 百通能源
新增股票: 001378 - 德冠新材
新增股票: 001379 - 腾达科技
新增股票: 001380 - 华纬科技
新增股票: 001382 - 新亚电缆
新增股票: 001387 - 雪祺电气
新增股票: 001388 - 信通电子
新增股票: 001389 - 广合科技
新增股票: 001390 - 古麒绒材
新增股票: 001391 - 国货航
新增股票: 001395 - 亚联机械
新增股票: 001400 - 江顺科技
新增股票: 001696 - 宗申动力
新增股票: 001872 - 招商港口
新增股票: 001896 - 豫能控股
新增股票: 001914 - 招商积余
新增股票: 001965 - 招商公路
新增股票: 001979 - 招商蛇口
新增股票: 002001 - 新 和 成
新增股票: 002002 - ST鸿达
新增股票: 002003 - 伟星股份
新增股票: 002004 - 华邦健康
新增股票: 002005 - ST德豪
新增股票: 002006 - 精工科技
新增股票: 002007 - 华兰生物
新增股票: 002008 - 大族激光
新增股票: 002009 - 天奇股份
新增股票: 002010 - 传化智联
新增股票: 002011 - 盾安环境
新增股票: 002012 - 凯恩股份
新增股票: 002013 - 中航机电
新增股票: 002014 - 永新股份
新增股票: 002015 - 协鑫能科
新增股票: 002016 - 世荣兆业
新增股票: 002017 - 东信和平
新增股票: 002018 - 华信退
新增股票: 002019 - 亿帆医药
新增股票: 002020 - 京新药业
新增股票: 002021 - 中捷资源
新增股票: 002022 - 科华生物
新增股票: 002023 - 海特高新
新增股票: 002024 - ST易购
新增股票: 002025 - 航天电器
新增股票: 002026 - 山东威达
新增股票: 002027 - 分众传媒
新增股票: 002028 - 思源电气
新增股票: 002029 - 七 匹 狼
新增股票: 002030 - 达安基因
新增股票: 002031 - 巨轮智能
新增股票: 002032 - 苏 泊 尔
新增股票: 002033 - 丽江股份
新增股票: 002034 - 旺能环境
新增股票: 002035 - 华帝股份
新增股票: 002036 - 联创电子
新增股票: 002037 - 保利联合
新增股票: 002038 - 双鹭药业
新增股票: 002039 - 黔源电力
新增股票: 002040 - 南 京 港
新增股票: 002041 - 登海种业
新增股票: 002042 - 华孚时尚
新增股票: 002043 - 兔 宝 宝
新增股票: 002044 - 美年健康
新增股票: 002045 - 国光电器
新增股票: 002046 - 国机精工
新增股票: 002047 - *ST宝鹰
新增股票: 002048 - 宁波华翔
新增股票: 002049 - 紫光国微
新增股票: 002050 - 三花智控
新增股票: 002051 - 中工国际
新增股票: 002052 - 同洲电子
新增股票: 002053 - 云南能投
新增股票: 002054 - 德美化工
新增股票: 002055 - 得润电子
新增股票: 002056 - 横店东磁
新增股票: 002057 - 中钢天源
新增股票: 002058 - *ST威尔
新增股票: 002059 - 云南旅游
新增股票: 002060 - 广东建工
新增股票: 002061 - 浙江交科
新增股票: 002062 - 宏润建设
新增股票: 002063 - 远光软件
新增股票: 002064 - 华峰化学
新增股票: 002065 - 东华软件
新增股票: 002066 - 瑞泰科技
新增股票: 002067 - 景兴纸业
新增股票: 002068 - 黑猫股份
新增股票: 002069 - 獐子岛
新增股票: 002070 - 众和退
新增股票: 002071 - 长城退
新增股票: 002072 - 凯瑞德
新增股票: 002073 - 软控股份
新增股票: 002074 - 国轩高科
新增股票: 002075 - 沙钢股份
新增股票: 002076 - *ST星光
新增股票: 002077 - 大港股份
新增股票: 002078 - 太阳纸业
新增股票: 002079 - 苏州固锝
新增股票: 002080 - 中材科技
新增股票: 002081 - 金 螳 螂
新增股票: 002082 - 万邦德
新增股票: 002083 - 孚日股份
新增股票: 002084 - 海鸥住工
新增股票: 002085 - 万丰奥威
新增股票: 002086 - 东方海洋
新增股票: 002087 - 新纺退
新增股票: 002088 - 鲁阳节能
新增股票: 002089 - 新海退
新增股票: 002090 - 金智科技
新增股票: 002091 - 江苏国泰
新增股票: 002092 - 中泰化学
新增股票: 002093 - 国脉科技
新增股票: 002094 - 青岛金王
新增股票: 002095 - 生 意 宝
新增股票: 002096 - 易普力
新增股票: 002097 - 山河智能
新增股票: 002098 - 浔兴股份
新增股票: 002099 - 海翔药业
新增股票: 002100 - 天康生物
新增股票: 002101 - 广东鸿图
新增股票: 002102 - 能特科技
新增股票: 002103 - 广博股份
新增股票: 002104 - 恒宝股份
新增股票: 002105 - 信隆健康
新增股票: 002106 - 莱宝高科
新增股票: 002107 - 沃华医药
新增股票: 002108 - 沧州明珠
新增股票: 002109 - 兴化股份
新增股票: 002110 - 三钢闽光
新增股票: 002111 - 威海广泰
新增股票: 002112 - 三变科技
新增股票: 002113 - *ST天润
新增股票: 002114 - 罗平锌电
新增股票: 002115 - 三维通信
新增股票: 002116 - 中国海诚
新增股票: 002117 - 东港股份
新增股票: 002118 - *ST紫鑫
新增股票: 002119 - 康强电子
新增股票: 002120 - 韵达股份
新增股票: 002121 - 科陆电子
新增股票: 002122 - 汇洲智能
新增股票: 002123 - 梦网科技
新增股票: 002124 - 天邦食品
新增股票: 002125 - 湘潭电化
新增股票: 002126 - 银轮股份
新增股票: 002127 - 南极电商
新增股票: 002128 - 电投能源
新增股票: 002129 - TCL中环
新增股票: 002130 - 沃尔核材
新增股票: 002131 - 利欧股份
新增股票: 002132 - 恒星科技
新增股票: 002133 - 广宇集团
新增股票: 002134 - 天津普林
新增股票: 002135 - 东南网架
新增股票: 002136 - 安 纳 达
新增股票: 002137 - 实益达
新增股票: 002138 - 顺络电子
新增股票: 002139 - 拓邦股份
新增股票: 002140 - 东华科技
新增股票: 002141 - 贤丰控股
新增股票: 002142 - 宁波银行
新增股票: 002143 - 印纪退
新增股票: 002144 - 宏达高科
新增股票: 002145 - 中核钛白
新增股票: 002146 - 荣盛发展
新增股票: 002147 - 新光退
新增股票: 002148 - 北纬科技
新增股票: 002149 - 西部材料
新增股票: 002150 - 通润装备
新增股票: 002151 - 北斗星通
新增股票: 002152 - 广电运通
新增股票: 002153 - 石基信息
新增股票: 002154 - 报 喜 鸟
新增股票: 002155 - 湖南黄金
新增股票: 002156 - 通富微电
新增股票: 002157 - 正邦科技
新增股票: 002158 - 汉钟精机
新增股票: 002159 - 三特索道
新增股票: 002160 - 常铝股份
新增股票: 002161 - 远 望 谷
新增股票: 002162 - 悦心健康
新增股票: 002163 - 海南发展
新增股票: 002164 - 宁波东力
新增股票: 002165 - 红 宝 丽
新增股票: 002166 - 莱茵生物
新增股票: 002167 - 东方锆业
新增股票: 002168 - *ST惠程
新增股票: 002169 - 智光电气
新增股票: 002170 - 芭田股份
新增股票: 002171 - 楚江新材
新增股票: 002172 - 澳洋健康
新增股票: 002173 - 创新医疗
新增股票: 002174 - 游族网络
新增股票: 002175 - 东方智造
同步股票 002176 失败: (2013, 'Lost connection to MySQL server during query ([Errno 60] Operation timed out)')
新增股票: 002177 - 御银股份
新增股票: 002178 - 延华智能
新增股票: 002179 - 中航光电
新增股票: 002180 - 纳思达
新增股票: 002181 - 粤 传 媒
新增股票: 002182 - 宝武镁业
新增股票: 002183 - 怡 亚 通
新增股票: 002184 - 海得控制
新增股票: 002185 - 华天科技
新增股票: 002186 - 全 聚 德
新增股票: 002187 - 广百股份
新增股票: 002188 - 中天服务
新增股票: 002189 - 中光学
新增股票: 002190 - 成飞集成
新增股票: 002191 - 劲嘉股份
新增股票: 002192 - 融捷股份
新增股票: 002193 - 如意集团
新增股票: 002194 - 武汉凡谷
新增股票: 002195 - 岩山科技
新增股票: 002196 - 方正电机
新增股票: 002197 - ST证通
新增股票: 002198 - 嘉应制药
新增股票: 002199 - *ST东晶
新增股票: 002200 - *ST交投
新增股票: 002201 - 九鼎新材
新增股票: 002202 - 金风科技
新增股票: 002203 - 海亮股份
新增股票: 002204 - 大连重工
新增股票: 002205 - 国统股份
新增股票: 002206 - 海 利 得
新增股票: 002207 - 准油股份
新增股票: 002208 - 合肥城建
新增股票: 002209 - 达 意 隆
新增股票: 002210 - 飞马国际
新增股票: 002211 - ST宏达
新增股票: 002212 - 天融信
新增股票: 002213 - 大为股份
新增股票: 002214 - *ST大立
新增股票: 002215 - 诺 普 信
新增股票: 002216 - 三全食品
新增股票: 002217 - 合力泰
新增股票: 002218 - 拓日新能
新增股票: 002219 - 新里程
新增股票: 002220 - 天宝退
新增股票: 002221 - 东华能源
新增股票: 002222 - 福晶科技
新增股票: 002223 - 鱼跃医疗
新增股票: 002224 - 三 力 士
新增股票: 002225 - 濮耐股份
新增股票: 002226 - 江南化工
新增股票: 002227 - 奥 特 迅
新增股票: 002228 - 合兴包装
新增股票: 002229 - 鸿博股份
新增股票: 002230 - 科大讯飞
新增股票: 002231 - *ST奥维
新增股票: 002232 - 启明信息
新增股票: 002233 - 塔牌集团
新增股票: 002234 - 民和股份
新增股票: 002235 - 安妮股份
新增股票: 002236 - 大华股份
新增股票: 002237 - 恒邦股份
新增股票: 002238 - 天威视讯
新增股票: 002239 - 奥特佳
新增股票: 002240 - 盛新锂能
新增股票: 002241 - 歌尔股份
新增股票: 002242 - 九阳股份
新增股票: 002243 - 力合科创
新增股票: 002244 - 滨江集团
新增股票: 002245 - 蔚蓝锂芯
新增股票: 002246 - 北化股份
新增股票: 002247 - 聚力文化
新增股票: 002248 - 华东数控
新增股票: 002249 - 大洋电机
新增股票: 002250 - 联化科技
新增股票: 002251 - 步步高
新增股票: 002252 - 上海莱士
新增股票: 002253 - *ST智胜
新增股票: 002254 - 泰和新材
新增股票: 002255 - 海陆重工
新增股票: 002256 - 兆新股份
新增股票: 002258 - 利尔化学
新增股票: 002259 - 升达林业
新增股票: 002260 - 德奥退
新增股票: 002261 - 拓维信息
新增股票: 002262 - 恩华药业
新增股票: 002263 - 大东南
新增股票: 002264 - 新 华 都
新增股票: 002265 - 建设工业
新增股票: 002266 - 浙富控股
新增股票: 002267 - 陕天然气
新增股票: 002268 - 电科网安
新增股票: 002269 - 美邦服饰
新增股票: 002270 - 华明装备
新增股票: 002271 - 东方雨虹
新增股票: 002272 - 川润股份
新增股票: 002273 - 水晶光电
新增股票: 002274 - 华昌化工
新增股票: 002275 - 桂林三金
新增股票: 002276 - 万马股份
新增股票: 002277 - 友阿股份
新增股票: 002278 - 神开股份
新增股票: 002279 - 久其软件
新增股票: 002280 - ST联络
新增股票: 002281 - 光迅科技
新增股票: 002282 - 博深股份
新增股票: 002283 - 天润工业
新增股票: 002284 - 亚太股份
新增股票: 002285 - 世联行
新增股票: 002286 - 保龄宝
新增股票: 002287 - 奇正藏药
新增股票: 002288 - *ST超华
新增股票: 002289 - *ST宇顺
新增股票: 002290 - 禾盛新材
新增股票: 002291 - 遥望科技
新增股票: 002292 - 奥飞娱乐
新增股票: 002293 - 罗莱生活
新增股票: 002294 - 信立泰
新增股票: 002295 - 精艺股份
新增股票: 002296 - 辉煌科技
新增股票: 002297 - 博云新材
新增股票: 002298 - 中电鑫龙
新增股票: 002299 - 圣农发展
新增股票: 002300 - 太阳电缆
新增股票: 002301 - 齐心集团
新增股票: 002302 - 西部建设
新增股票: 002303 - 美盈森
新增股票: 002304 - 洋河股份
新增股票: 002305 - *ST南置
新增股票: 002306 - *ST云网
新增股票: 002307 - 北新路桥
新增股票: 002308 - *ST威创
新增股票: 002309 - 中利集团
新增股票: 002310 - 东方园林
新增股票: 002311 - 海大集团
新增股票: 002312 - 川发龙蟒
新增股票: 002313 - 日海智能
新增股票: 002314 - 南山控股
新增股票: 002315 - 焦点科技
新增股票: 002316 - 亚联发展
新增股票: 002317 - 众生药业
新增股票: 002318 - 久立特材
新增股票: 002319 - 乐通股份
新增股票: 002320 - 海峡股份
新增股票: 002321 - 华英农业
新增股票: 002322 - 理工能科
新增股票: 002323 - 雅博股份
新增股票: 002324 - 普利特
新增股票: 002325 - *ST洪涛
新增股票: 002326 - 永太科技
新增股票: 002327 - 富安娜
新增股票: 002328 - 新朋股份
新增股票: 002329 - 皇氏集团
新增股票: 002330 - 得利斯
新增股票: 002331 - 皖通科技
新增股票: 002332 - 仙琚制药
新增股票: 002333 - 罗普斯金
新增股票: 002334 - 英威腾
新增股票: 002335 - 科华数据
新增股票: 002336 - 人乐退
新增股票: 002337 - 赛象科技
新增股票: 002338 - 奥普光电
新增股票: 002339 - 积成电子
新增股票: 002340 - 格林美
新增股票: 002341 - ST新纶
新增股票: 002342 - 巨力索具
新增股票: 002343 - 慈文传媒
新增股票: 002344 - 海宁皮城
新增股票: 002345 - 潮宏基
新增股票: 002346 - 柘中股份
新增股票: 002347 - 泰尔股份
新增股票: 002348 - 高乐股份
新增股票: 002349 - 精华制药
新增股票: 002350 - 北京科锐
新增股票: 002351 - 漫步者
新增股票: 002352 - 顺丰控股
新增股票: 002353 - 杰瑞股份
新增股票: 002354 - 天娱数科
新增股票: 002355 - 兴民智通
新增股票: 002356 - 赫美集团
新增股票: 002357 - 富临运业
新增股票: 002358 - 森源电气
新增股票: 002359 - 北讯退
新增股票: 002360 - 同德化工
新增股票: 002361 - 神剑股份
新增股票: 002362 - 汉王科技
新增股票: 002363 - 隆基机械
新增股票: 002364 - 中恒电气
新增股票: 002365 - 永安药业
新增股票: 002366 - 融发核电
新增股票: 002367 - 康力电梯
新增股票: 002368 - 太极股份
新增股票: 002369 - 卓翼科技
新增股票: 002370 - 亚太药业
新增股票: 002371 - 北方华创
新增股票: 002372 - 伟星新材
新增股票: 002373 - 千方科技
新增股票: 002374 - 中锐股份
新增股票: 002375 - 亚厦股份
新增股票: 002376 - 新北洋
新增股票: 002377 - 国创高新
新增股票: 002378 - 章源钨业
新增股票: 002379 - 宏创控股
新增股票: 002380 - 科远智慧
新增股票: 002381 - 双箭股份
新增股票: 002382 - 蓝帆医疗
新增股票: 002383 - 合众思壮
新增股票: 002384 - 东山精密
新增股票: 002385 - 大北农
新增股票: 002386 - 天原股份
新增股票: 002387 - 维信诺
新增股票: 002388 - ST新亚
新增股票: 002389 - 航天彩虹
新增股票: 002390 - 信邦制药
新增股票: 002391 - 长青股份
新增股票: 002392 - 北京利尔
新增股票: 002393 - 力生制药
新增股票: 002394 - 联发股份
新增股票: 002395 - 双象股份
新增股票: 002396 - 星网锐捷
新增股票: 002397 - 梦洁股份
新增股票: 002398 - 垒知集团
新增股票: 002399 - 海普瑞
新增股票: 002400 - 省广集团
新增股票: 002401 - 中远海科
新增股票: 002402 - 和而泰
新增股票: 002403 - 爱仕达
新增股票: 002404 - 嘉欣丝绸
新增股票: 002405 - 四维图新
新增股票: 002406 - 远东传动
新增股票: 002407 - 多氟多
新增股票: 002408 - 齐翔腾达
新增股票: 002409 - 雅克科技
新增股票: 002410 - 广联达
新增股票: 002411 - 必康退
新增股票: 002412 - 汉森制药
新增股票: 002413 - 雷科防务
新增股票: 002414 - 高德红外
新增股票: 002415 - 海康威视
新增股票: 002416 - 爱施德
新增股票: 002417 - 深南退
新增股票: 002418 - 康盛股份
新增股票: 002419 - 天虹股份
新增股票: 002420 - 毅昌科技
新增股票: 002421 - 达实智能
新增股票: 002422 - 科伦药业
新增股票: 002423 - 中粮资本
新增股票: 002424 - 贵州百灵
新增股票: 002425 - ST凯文
新增股票: 002426 - 胜利精密
新增股票: 002427 - 尤夫股份
新增股票: 002428 - 云南锗业
新增股票: 002429 - 兆驰股份
新增股票: 002430 - 杭氧股份
新增股票: 002431 - 棕榈股份
新增股票: 002432 - 九安医疗
新增股票: 002433 - 太安退
新增股票: 002434 - 万里扬
新增股票: 002435 - ST长康
新增股票: 002436 - 兴森科技
新增股票: 002437 - 誉衡药业
新增股票: 002438 - 江苏神通
新增股票: 002439 - 启明星辰
新增股票: 002440 - 闰土股份
新增股票: 002441 - 众业达
新增股票: 002442 - 龙星科技
新增股票: 002443 - 金洲管道
新增股票: 002444 - 巨星科技
新增股票: 002445 - 中南文化
新增股票: 002446 - 盛路通信
新增股票: 002447 - 晨鑫退
新增股票: 002448 - 中原内配
新增股票: 002449 - 国星光电
新增股票: 002450 - 康得退
新增股票: 002451 - 摩恩电气
新增股票: 002452 - 长高电新
新增股票: 002453 - 华软科技
新增股票: 002454 - 松芝股份
新增股票: 002455 - 百川股份
新增股票: 002456 - 欧菲光
新增股票: 002457 - 青龙管业
新增股票: 002458 - 益生股份
新增股票: 002459 - 晶澳科技
新增股票: 002460 - 赣锋锂业
新增股票: 002461 - 珠江啤酒
新增股票: 002462 - 嘉事堂
新增股票: 002463 - 沪电股份
新增股票: 002464 - 众应退
新增股票: 002465 - 海格通信
新增股票: 002466 - 天齐锂业
新增股票: 002467 - 二六三
新增股票: 002468 - 申通快递
新增股票: 002469 - 三维化学
新增股票: 002470 - 金正大
新增股票: 002471 - 中超控股
新增股票: 002472 - 双环传动
新增股票: 002473 - 圣莱退
新增股票: 002474 - 榕基软件
新增股票: 002475 - 立讯精密
新增股票: 002476 - 宝莫股份
新增股票: 002477 - 雏鹰退
新增股票: 002478 - 常宝股份
新增股票: 002479 - 富春环保
新增股票: 002480 - 新筑股份
新增股票: 002481 - 双塔食品
新增股票: 002482 - 广田集团
新增股票: 002483 - 润邦股份
新增股票: 002484 - 江海股份
新增股票: 002485 - ST雪发
新增股票: 002486 - 嘉麟杰
新增股票: 002487 - 大金重工
新增股票: 002488 - 金固股份
新增股票: 002489 - 浙江永强
新增股票: 002490 - 山东墨龙
新增股票: 002491 - 通鼎互联
新增股票: 002492 - 恒基达鑫
新增股票: 002493 - 荣盛石化
新增股票: 002494 - 华斯股份
新增股票: 002495 - 佳隆股份
新增股票: 002496 - *ST辉丰
新增股票: 002497 - 雅化集团
新增股票: 002498 - 汉缆股份
新增股票: 002499 - 科林退
新增股票: 002500 - 山西证券
新增股票: 002501 - 利源股份
新增股票: 002502 - ST鼎龙
新增股票: 002503 - *ST搜特
新增股票: 002504 - *ST弘高
新增股票: 002505 - 鹏都农牧
新增股票: 002506 - 协鑫集成
新增股票: 002507 - 涪陵榨菜
新增股票: 002508 - 老板电器
新增股票: 002509 - 天茂退
新增股票: 002510 - 天汽模
新增股票: 002511 - 中顺洁柔
新增股票: 002512 - 达华智能
新增股票: 002513 - 蓝丰生化
新增股票: 002514 - 宝馨科技
新增股票: 002515 - 金字火腿
新增股票: 002516 - 旷达科技
新增股票: 002517 - 恺英网络
新增股票: 002518 - 科士达
新增股票: 002519 - 银河电子
新增股票: 002520 - 日发精机
新增股票: 002521 - 齐峰新材
新增股票: 002522 - 浙江众成
新增股票: 002523 - 天桥起重
新增股票: 002524 - 光正眼科
新增股票: 002526 - 山东矿机
新增股票: 002527 - 新时达
新增股票: 002528 - ST英飞拓
新增股票: 002529 - *ST海源
新增股票: 002530 - 金财互联
新增股票: 002531 - 天顺风能
新增股票: 002532 - 天山铝业
新增股票: 002533 - 金杯电工
新增股票: 002534 - 西子洁能
新增股票: 002535 - 林州重机
新增股票: 002536 - 飞龙股份
新增股票: 002537 - 海联金汇
新增股票: 002538 - 司尔特
新增股票: 002539 - 云图控股
新增股票: 002540 - 亚太科技
新增股票: 002541 - 鸿路钢构
新增股票: 002542 - 中化岩土
新增股票: 002543 - 万和电气
新增股票: 002544 - 普天科技
新增股票: 002545 - 东方铁塔
新增股票: 002546 - 新联电子
新增股票: 002547 - 春兴精工
新增股票: 002548 - 金新农
新增股票: 002549 - 凯美特气
新增股票: 002550 - 千红制药
新增股票: 002551 - 尚荣医疗
新增股票: 002552 - 宝鼎科技
新增股票: 002553 - 南方精工
新增股票: 002554 - 惠博普
新增股票: 002555 - 三七互娱
新增股票: 002556 - 辉隆股份
新增股票: 002557 - 洽洽食品
新增股票: 002558 - 巨人网络
新增股票: 002559 - 亚威股份
新增股票: 002560 - 通达股份
新增股票: 002561 - 徐家汇
新增股票: 002562 - 兄弟科技
新增股票: 002563 - 森马服饰
新增股票: 002564 - 天沃科技
新增股票: 002565 - 顺灏股份
新增股票: 002566 - 益盛药业
新增股票: 002567 - 唐人神
新增股票: 002568 - 百润股份
新增股票: 002569 - *ST步森
新增股票: 002570 - 贝因美
新增股票: 002571 - 德力股份
新增股票: 002572 - 索菲亚
新增股票: 002573 - 清新环境
新增股票: 002574 - 明牌珠宝
新增股票: 002575 - 群兴玩具
新增股票: 002576 - 通达动力
新增股票: 002577 - 雷柏科技
新增股票: 002578 - 闽发铝业
新增股票: 002579 - 中京电子
新增股票: 002580 - 圣阳股份
新增股票: 002581 - ST未名
新增股票: 002582 - 好想你
新增股票: 002583 - 海能达
新增股票: 002584 - 西陇科学
新增股票: 002585 - 双星新材
新增股票: 002586 - *ST围海
新增股票: 002587 - 奥拓电子
新增股票: 002588 - 史丹利
新增股票: 002589 - 瑞康医药
新增股票: 002590 - 万安科技
新增股票: 002591 - 恒大高新
新增股票: 002592 - ST八菱
新增股票: 002593 - 日上集团
新增股票: 002594 - 比亚迪
新增股票: 002595 - 豪迈科技
新增股票: 002596 - 海南瑞泽
新增股票: 002597 - 金禾实业
新增股票: 002598 - 山东章鼓
新增股票: 002599 - 盛通股份
新增股票: 002600 - 领益智造
新增股票: 002601 - 龙佰集团
新增股票: 002602 - ST华通
新增股票: 002603 - 以岭药业
新增股票: 002604 - 龙力退
新增股票: 002605 - 姚记科技
新增股票: 002606 - 大连电瓷
新增股票: 002607 - 中公教育
新增股票: 002608 - 江苏国信
新增股票: 002609 - 捷顺科技
新增股票: 002610 - ST爱康
新增股票: 002611 - 东方精工
新增股票: 002612 - 朗姿股份
新增股票: 002613 - 北玻股份
新增股票: 002614 - 奥佳华
新增股票: 002615 - 哈尔斯
新增股票: 002616 - 长青集团
新增股票: 002617 - 露笑科技
新增股票: 002618 - 丹邦退
新增股票: 002619 - *ST艾格
新增股票: 002620 - ST瑞和
新增股票: 002621 - *ST美吉
新增股票: 002622 - 皓宸医疗
新增股票: 002623 - 亚玛顿
新增股票: 002624 - 完美世界
新增股票: 002625 - 光启技术
新增股票: 002626 - 金达威
新增股票: 002627 - 三峡旅游
新增股票: 002628 - 成都路桥
新增股票: 002629 - 仁智股份
新增股票: 002630 - ST华西
新增股票: 002631 - 德尔未来
新增股票: 002632 - 道明光学
新增股票: 002633 - 申科股份
新增股票: 002634 - 棒杰股份
新增股票: 002635 - 安洁科技
新增股票: 002636 - 金安国纪
新增股票: 002637 - 赞宇科技
新增股票: 002638 - 勤上股份
新增股票: 002639 - 雪人集团
新增股票: 002640 - 跨境通
新增股票: 002641 - 公元股份
新增股票: 002642 - 荣联科技
新增股票: 002643 - 万润股份
新增股票: 002644 - 佛慈制药
新增股票: 002645 - 华宏科技
新增股票: 002646 - 天佑德酒
新增股票: 002647 - *ST仁东
新增股票: 002648 - 卫星化学
新增股票: 002649 - 博彦科技
新增股票: 002650 - ST加加
新增股票: 002651 - 利君股份
新增股票: 002652 - 扬子新材
新增股票: 002653 - 海思科
新增股票: 002654 - 万润科技
新增股票: 002655 - 共达电声
新增股票: 002656 - *ST摩登
新增股票: 002657 - 中科金财
新增股票: 002658 - 雪迪龙
新增股票: 002659 - 凯文教育
新增股票: 002660 - 茂硕电源
新增股票: 002661 - 克明食品
新增股票: 002662 - 峰璟股份
新增股票: 002663 - 普邦股份
新增股票: 002664 - 信质集团
新增股票: 002665 - ST航高
新增股票: 002666 - 德联集团
新增股票: 002667 - 威领股份
新增股票: 002668 - TCL智家
新增股票: 002669 - 康达新材
新增股票: 002670 - 国盛金控
新增股票: 002671 - 龙泉股份
新增股票: 002672 - 东江环保
新增股票: 002673 - 西部证券
新增股票: 002674 - 兴业科技
新增股票: 002675 - 东诚药业
新增股票: 002676 - 顺威股份
新增股票: 002677 - 浙江美大
新增股票: 002678 - 珠江钢琴
新增股票: 002679 - 福建金森
新增股票: 002680 - 长生退
新增股票: 002681 - 奋达科技
新增股票: 002682 - 龙洲股份
新增股票: 002683 - 广东宏大
新增股票: 002684 - 猛狮退
新增股票: 002685 - 华东重机
新增股票: 002686 - 亿利达
新增股票: 002687 - 乔治白
新增股票: 002688 - 金河生物
新增股票: 002689 - 远大智能
新增股票: 002690 - 美亚光电
新增股票: 002691 - 冀凯股份
新增股票: 002692 - 远程股份
新增股票: 002693 - *ST双成
新增股票: 002694 - 顾地科技
新增股票: 002695 - 煌上煌
新增股票: 002696 - 百洋股份
新增股票: 002697 - 红旗连锁
新增股票: 002698 - 博实股份
新增股票: 002699 - *ST美盛
新增股票: 002700 - 万憬能源
新增股票: 002701 - 奥瑞金
新增股票: 002702 - 海欣食品
新增股票: 002703 - 浙江世宝
新增股票: 002705 - 新宝股份
新增股票: 002706 - 良信股份
新增股票: 002707 - 众信旅游
新增股票: 002708 - 光洋股份
新增股票: 002709 - 天赐材料
新增股票: 002711 - 欧浦退
新增股票: 002712 - 思美传媒
新增股票: 002713 - *ST东易
新增股票: 002714 - 牧原股份
新增股票: 002715 - 登云股份
新增股票: 002716 - 湖南白银
新增股票: 002717 - ST岭南
新增股票: 002718 - 友邦吊顶
新增股票: 002719 - 麦趣尔
新增股票: 002721 - 金一文化
新增股票: 002722 - 物产金轮
新增股票: 002723 - 小崧股份
新增股票: 002724 - 海洋王
新增股票: 002725 - 跃岭股份
新增股票: 002726 - 龙大美食
新增股票: 002727 - 一心堂
新增股票: 002728 - 特一药业
新增股票: 002729 - 好利科技
新增股票: 002730 - 电光科技
新增股票: 002731 - 萃华珠宝
新增股票: 002732 - 燕塘乳业
新增股票: 002733 - 雄韬股份
新增股票: 002734 - 利民股份
新增股票: 002735 - 王子新材
新增股票: 002736 - 国信证券
新增股票: 002737 - 葵花药业
新增股票: 002738 - 中矿资源
新增股票: 002739 - 万达电影
新增股票: 002740 - *ST爱迪
新增股票: 002741 - 光华科技
新增股票: 002742 - *ST三圣
新增股票: 002743 - 富煌钢构
新增股票: 002745 - 木林森
新增股票: 002746 - 仙坛股份
新增股票: 002747 - 埃斯顿
新增股票: 002748 - 世龙实业
新增股票: 002749 - 国光股份
新增股票: 002750 - 龙津退
新增股票: 002751 - 易尚退
新增股票: 002752 - 昇兴股份
新增股票: 002753 - 永东股份
新增股票: 002755 - 奥赛康
新增股票: 002756 - 永兴材料
新增股票: 002757 - 南兴股份
新增股票: 002758 - 浙农股份
新增股票: 002759 - 天际股份
新增股票: 002760 - 凤形股份
新增股票: 002761 - 浙江建投
新增股票: 002762 - *ST金比
新增股票: 002763 - 汇洁股份
新增股票: 002765 - 蓝黛科技
新增股票: 002766 - 索菱股份
新增股票: 002767 - 先锋电子
新增股票: 002768 - 国恩股份
新增股票: 002769 - 普路通
新增股票: 002770 - 科迪退
新增股票: 002771 - 真视通
新增股票: 002772 - 众兴菌业
新增股票: 002773 - 康弘药业
新增股票: 002774 - 快意电梯
新增股票: 002775 - 文科股份
新增股票: 002776 - *ST柏龙
新增股票: 002777 - 久远银海
新增股票: 002778 - 中晟高科
新增股票: 002779 - 中坚科技
新增股票: 002780 - 三夫户外
新增股票: 002781 - 奇信退
新增股票: 002782 - 可立克
新增股票: 002783 - 凯龙股份
新增股票: 002785 - 万里石
新增股票: 002786 - 银宝山新
新增股票: 002787 - 华源控股
新增股票: 002788 - 鹭燕医药
新增股票: 002789 - *ST建艺
新增股票: 002790 - 瑞尔特
新增股票: 002791 - 坚朗五金
新增股票: 002792 - 通宇通讯
新增股票: 002793 - 罗欣药业
新增股票: 002795 - 永和智控
新增股票: 002796 - 世嘉科技
新增股票: 002797 - 第一创业
新增股票: 002798 - 帝欧家居
新增股票: 002799 - 环球印务
新增股票: 002800 - 天顺股份
新增股票: 002801 - 微光股份
新增股票: 002802 - 洪汇新材
新增股票: 002803 - 吉宏股份
新增股票: 002805 - 丰元股份
新增股票: 002806 - 华锋股份
新增股票: 002807 - 江阴银行
新增股票: 002808 - *ST恒久
新增股票: 002809 - 红墙股份
新增股票: 002810 - 山东赫达
新增股票: 002811 - 郑中设计
新增股票: 002812 - 恩捷股份
新增股票: 002813 - 路畅科技
新增股票: 002815 - 崇达技术
新增股票: 002816 - *ST和科
新增股票: 002817 - 黄山胶囊
新增股票: 002818 - 富森美
新增股票: 002819 - 东方中科
新增股票: 002820 - 桂发祥
新增股票: 002821 - 凯莱英
新增股票: 002822 - *ST中装
新增股票: 002823 - 凯中精密
新增股票: 002824 - 和胜股份
新增股票: 002825 - 纳尔股份
新增股票: 002826 - 易明医药
新增股票: 002827 - 高争民爆
新增股票: 002828 - 贝肯能源
新增股票: 002829 - 星网宇达
新增股票: 002830 - 名雕股份
新增股票: 002831 - 裕同科技
新增股票: 002832 - 比音勒芬
新增股票: 002833 - 弘亚数控
新增股票: 002835 - 同为股份
新增股票: 002836 - 新宏泽
新增股票: 002837 - 英维克
新增股票: 002838 - 道恩股份
新增股票: 002839 - 张家港行
新增股票: 002840 - 华统股份
新增股票: 002841 - 视源股份
新增股票: 002842 - 翔鹭钨业
新增股票: 002843 - 泰嘉股份
新增股票: 002845 - 同兴达
新增股票: 002846 - 英联股份
新增股票: 002847 - 盐津铺子
新增股票: 002848 - *ST高斯
新增股票: 002849 - 威星智能
新增股票: 002850 - 科达利
新增股票: 002851 - 麦格米特
新增股票: 002852 - 道道全
新增股票: 002853 - 皮阿诺
新增股票: 002855 - 捷荣技术
新增股票: 002856 - 美芝股份
新增股票: 002857 - 三晖电气
新增股票: 002858 - 力盛体育
新增股票: 002859 - 洁美科技
新增股票: 002860 - 星帅尔
新增股票: 002861 - 瀛通通讯
新增股票: 002862 - 实丰文化
新增股票: 002863 - 今飞凯达
新增股票: 002864 - 盘龙药业
新增股票: 002865 - 钧达股份
新增股票: 002866 - 传艺科技
新增股票: 002867 - 周大生
新增股票: 002868 - *ST绿康
新增股票: 002869 - 金溢科技
新增股票: 002870 - 香山股份
新增股票: 002871 - 伟隆股份
新增股票: 002872 - ST天圣
新增股票: 002873 - 新天药业
新增股票: 002875 - 安奈儿
新增股票: 002876 - 三利谱
新增股票: 002877 - 智能自控
新增股票: 002878 - 元隆雅图
新增股票: 002879 - 长缆科技
新增股票: 002880 - 卫光生物
新增股票: 002881 - 美格智能
新增股票: 002882 - 金龙羽
新增股票: 002883 - 中设股份
新增股票: 002884 - 凌霄泵业
新增股票: 002885 - 京泉华
新增股票: 002886 - 沃特股份
新增股票: 002887 - 绿茵生态
新增股票: 002888 - 惠威科技
新增股票: 002889 - 东方嘉盛
新增股票: 002890 - 弘宇股份
新增股票: 002891 - 中宠股份
新增股票: 002892 - 科力尔
新增股票: 002893 - 京能热力
新增股票: 002895 - 川恒股份
新增股票: 002896 - 中大力德
新增股票: 002897 - 意华股份
新增股票: 002898 - *ST赛隆
新增股票: 002899 - 英派斯
新增股票: 002900 - 哈三联
新增股票: 002901 - 大博医疗
新增股票: 002902 - 铭普光磁
新增股票: 002903 - 宇环数控
新增股票: 002905 - 金逸影视
新增股票: 002906 - 华阳集团
新增股票: 002907 - 华森制药
新增股票: 002908 - 德生科技
新增股票: 002909 - 集泰股份
新增股票: 002910 - 庄园牧场
新增股票: 002911 - 佛燃能源
新增股票: 002912 - 中新赛克
新增股票: 002913 - 奥士康
新增股票: 002915 - 中欣氟材
新增股票: 002916 - 深南电路
新增股票: 002917 - 金奥博
新增股票: 002918 - 蒙娜丽莎
新增股票: 002919 - 名臣健康
新增股票: 002920 - 德赛西威
新增股票: 002921 - 联诚精密
新增股票: 002922 - 伊戈尔
新增股票: 002923 - 润都股份
新增股票: 002925 - 盈趣科技
新增股票: 002926 - 华西证券
新增股票: 002927 - 泰永长征
新增股票: 002928 - 华夏航空
新增股票: 002929 - 润建股份
新增股票: 002930 - 宏川智慧
新增股票: 002931 - 锋龙股份
新增股票: 002932 - 明德生物
新增股票: 002933 - 新兴装备
新增股票: 002935 - 天奥电子
新增股票: 002936 - 郑州银行
新增股票: 002937 - 兴瑞科技
新增股票: 002938 - 鹏鼎控股
新增股票: 002939 - 长城证券
新增股票: 002940 - 昂利康
新增股票: 002941 - 新疆交建
新增股票: 002942 - 新农股份
新增股票: 002943 - 宇晶股份
新增股票: 002945 - 华林证券
新增股票: 002946 - 新乳业
新增股票: 002947 - 恒铭达
新增股票: 002948 - 青岛银行
新增股票: 002949 - 华阳国际
新增股票: 002950 - 奥美医疗
新增股票: 002951 - 金时科技
新增股票: 002952 - 亚世光电
新增股票: 002953 - 日丰股份
新增股票: 002955 - 鸿合科技
新增股票: 002956 - 西麦食品
新增股票: 002957 - 科瑞技术
新增股票: 002958 - 青农商行
新增股票: 002959 - 小熊电器
新增股票: 002960 - 青鸟消防
新增股票: 002961 - 瑞达期货
新增股票: 002962 - 五方光电
新增股票: 002963 - 豪尔赛
新增股票: 002965 - 祥鑫科技
新增股票: 002966 - 苏州银行
新增股票: 002967 - 广电计量
新增股票: 002968 - 新大正
新增股票: 002969 - 嘉美包装
新增股票: 002970 - 锐明技术
新增股票: 002971 - 和远气体
新增股票: 002972 - 科安达
新增股票: 002973 - 侨银股份
新增股票: 002975 - 博杰股份
新增股票: 002976 - 瑞玛精密
新增股票: 002977 - 天箭科技
新增股票: 002978 - 安宁股份
新增股票: 002979 - 雷赛智能
新增股票: 002980 - 华盛昌
新增股票: 002981 - 朝阳科技
新增股票: 002982 - 湘佳股份
新增股票: 002983 - 芯瑞达
新增股票: 002984 - 森麒麟
新增股票: 002985 - 北摩高科
新增股票: 002986 - 宇新股份
新增股票: 002987 - 京北方
新增股票: 002988 - 豪美新材
新增股票: 002989 - 中天精装
新增股票: 002990 - 盛视科技
新增股票: 002991 - 甘源食品
新增股票: 002992 - 宝明科技
新增股票: 002993 - 奥海科技
新增股票: 002995 - 天地在线
新增股票: 002996 - 顺博合金
新增股票: 002997 - 瑞鹄模具
新增股票: 002998 - 优彩资源
新增股票: 002999 - 天禾股份
新增股票: 003000 - 劲仔食品
新增股票: 003001 - 中岩大地
新增股票: 003002 - 壶化股份
新增股票: 003003 - 天元股份
新增股票: 003004 - *ST声迅
新增股票: 003005 - 竞业达
新增股票: 003006 - 百亚股份
新增股票: 003007 - 直真科技
新增股票: 003008 - 开普检测
新增股票: 003009 - 中天火箭
新增股票: 003010 - 若羽臣
新增股票: 003011 - 海象新材
新增股票: 003012 - 东鹏控股
新增股票: 003013 - 地铁设计
新增股票: 003015 - 日久光电
新增股票: 003016 - 欣贺股份
新增股票: 003017 - 大洋生物
新增股票: 003018 - 金富科技
新增股票: 003019 - 宸展光电
新增股票: 003020 - 立方制药
新增股票: 003021 - 兆威机电
新增股票: 003022 - 联泓新科
新增股票: 003023 - 彩虹集团
新增股票: 003025 - 思进智能
新增股票: 003026 - 中晶科技
新增股票: 003027 - 同兴科技
新增股票: 003028 - 振邦智能
新增股票: 003029 - 吉大正元
新增股票: 003030 - 祖名股份
新增股票: 003031 - 中瓷电子
新增股票: 003032 - *ST传智
新增股票: 003033 - 征和工业
新增股票: 003035 - 南网能源
新增股票: 003036 - 泰坦股份
新增股票: 003037 - 三和管桩
新增股票: 003038 - 鑫铂股份
新增股票: 003039 - 顺控发展
新增股票: 003040 - 楚天龙
新增股票: 003041 - 真爱美家
新增股票: 003042 - 中农联合
新增股票: 003043 - 华亚智能
新增股票: 003816 - 中国广核
新增股票: 300001 - 特锐德
新增股票: 300002 - 神州泰岳
新增股票: 300003 - 乐普医疗
新增股票: 300004 - 南风股份
新增股票: 300005 - 探路者
新增股票: 300006 - 莱美药业
新增股票: 300007 - 汉威科技
新增股票: 300008 - 天海防务
新增股票: 300009 - 安科生物
新增股票: 300010 - 豆神教育
新增股票: 300011 - 鼎汉技术
新增股票: 300012 - 华测检测
新增股票: 300013 - 新宁物流
新增股票: 300014 - 亿纬锂能
新增股票: 300015 - 爱尔眼科
新增股票: 300016 - 北陆药业
新增股票: 300017 - 网宿科技
新增股票: 300018 - 中元股份
新增股票: 300019 - 硅宝科技
新增股票: 300020 - ST银江
新增股票: 300021 - 大禹节水
新增股票: 300022 - 吉峰科技
新增股票: 300023 - 宝德退
新增股票: 300024 - 机器人
新增股票: 300025 - 华星创业
新增股票: 300026 - 红日药业
新增股票: 300027 - 华谊兄弟
新增股票: 300028 - 金亚退
新增股票: 300029 - *ST天龙
新增股票: 300030 - 阳普医疗
新增股票: 300031 - 宝通科技
新增股票: 300032 - 金龙机电
新增股票: 300033 - 同花顺
新增股票: 300034 - 钢研高纳
新增股票: 300035 - 中科电气
新增股票: 300036 - 超图软件
新增股票: 300037 - 新宙邦
新增股票: 300038 - 数知退
新增股票: 300039 - 上海凯宝
新增股票: 300040 - 九洲集团
新增股票: 300041 - 回天新材
新增股票: 300042 - 朗科科技
新增股票: 300043 - 星辉娱乐
新增股票: 300044 - ST赛为
新增股票: 300045 - 华力创通
新增股票: 300046 - 台基股份
新增股票: 300047 - 天源迪科
新增股票: 300048 - 合康新能
新增股票: 300049 - 福瑞股份
新增股票: 300050 - 世纪鼎利
新增股票: 300051 - 琏升科技
新增股票: 300052 - ST中青宝
新增股票: 300053 - 航宇微
新增股票: 300054 - 鼎龙股份
新增股票: 300055 - 万邦达
新增股票: 300056 - 中创环保
新增股票: 300057 - 万顺新材
新增股票: 300058 - 蓝色光标
新增股票: 300059 - 东方财富
新增股票: 300061 - 旗天科技
新增股票: 300062 - 中能电气
新增股票: 300063 - 天龙集团
新增股票: 300064 - 金刚退
新增股票: 300065 - 海兰信
新增股票: 300066 - 三川智慧
新增股票: 300067 - 安诺其
新增股票: 300068 - 南都电源
新增股票: 300069 - 金利华电
新增股票: 300070 - 碧水源
新增股票: 300071 - 福石控股
新增股票: 300072 - 海新能科
新增股票: 300073 - 当升科技
新增股票: 300074 - 华平股份
新增股票: 300075 - 数字政通
新增股票: 300076 - GQY视讯
新增股票: 300077 - 国民技术
新增股票: 300078 - 思创医惠
新增股票: 300079 - 数码视讯
新增股票: 300080 - 易成新能
新增股票: 300081 - 恒信东方
新增股票: 300082 - 奥克股份
新增股票: 300083 - 创世纪
新增股票: 300084 - 海默科技
新增股票: 300085 - 银之杰
新增股票: 300086 - 康芝药业
新增股票: 300087 - 荃银高科
新增股票: 300088 - 长信科技
新增股票: 300089 - 文化退
新增股票: 300090 - 盛运退
新增股票: 300091 - 金通灵
新增股票: 300092 - 科新机电
新增股票: 300093 - *ST金刚
新增股票: 300094 - 国联水产
新增股票: 300095 - 华伍股份
新增股票: 300096 - ST易联众
新增股票: 300097 - ST智云
新增股票: 300098 - 高新兴
新增股票: 300099 - 尤洛卡
新增股票: 300100 - 双林股份
新增股票: 300101 - 振芯科技
新增股票: 300102 - 乾照光电
新增股票: 300103 - 达刚控股
新增股票: 300104 - 乐视退
新增股票: 300105 - 龙源技术
新增股票: 300106 - 西部牧业
新增股票: 300107 - 建新股份
新增股票: 300108 - *ST吉药
新增股票: 300109 - 新开源
新增股票: 300110 - 华仁药业
新增股票: 300111 - 向日葵
新增股票: 300112 - 万讯自控
新增股票: 300113 - 顺网科技
新增股票: 300115 - 长盈精密
新增股票: 300116 - *ST保力
新增股票: 300117 - *ST嘉寓
新增股票: 300118 - 东方日升
新增股票: 300119 - 瑞普生物
新增股票: 300120 - 经纬辉开
新增股票: 300121 - 阳谷华泰
新增股票: 300122 - 智飞生物
新增股票: 300123 - 亚光科技
新增股票: 300124 - 汇川技术
新增股票: 300125 - *ST聆达
新增股票: 300126 - 锐奇股份
新增股票: 300127 - 银河磁体
新增股票: 300128 - 锦富技术
新增股票: 300129 - 泰胜风能
新增股票: 300130 - 新国都
新增股票: 300131 - 英唐智控
新增股票: 300132 - 青松股份
新增股票: 300133 - 华策影视
新增股票: 300134 - 大富科技
新增股票: 300135 - 宝利国际
新增股票: 300136 - 信维通信
新增股票: 300137 - ST先河
新增股票: 300138 - 晨光生物
新增股票: 300139 - 晓程科技
新增股票: 300140 - 节能环境
新增股票: 300141 - 和顺电气
新增股票: 300142 - 沃森生物
新增股票: 300143 - 盈康生命
新增股票: 300144 - 宋城演艺
新增股票: 300145 - 南方泵业
新增股票: 300146 - 汤臣倍健
新增股票: 300147 - ST香雪
新增股票: 300148 - 天舟文化
新增股票: 300149 - 睿智医药
新增股票: 300150 - 世纪瑞尔
新增股票: 300151 - 昌红科技
新增股票: 300152 - ST新动力
新增股票: 300153 - 科泰电源
新增股票: 300154 - 瑞凌股份
新增股票: 300155 - 安居宝
新增股票: 300156 - 神雾退
新增股票: 300157 - 新锦动力
新增股票: 300158 - 振东制药
新增股票: 300159 - *ST新研
新增股票: 300160 - 秀强股份
